PO.htm
code/PRG_Page_h.htm
code/PRG_Page_dPRG.htm
code/sf_regexp.prg/Main_h.htm
code/sf_regexp.prg/Main_dEx.htm
code/sf_regexp.prg/Main_d.main program.htm
code/sf_regexp.prg/cls.sf_regexp.htm
code/sf_regexp.prg/cls.sf_regexp.autoexpandcaptures.htm
code/sf_regexp.prg/cls.sf_regexp.autoexpandgroups.htm
code/sf_regexp.prg/cls.sf_regexp.cachesize.htm
code/sf_regexp.prg/cls.sf_regexp.compiled.htm
code/sf_regexp.prg/cls.sf_regexp.cultureinvariant.htm
code/sf_regexp.prg/cls.sf_regexp.dotnetoffset.htm
code/sf_regexp.prg/cls.sf_regexp.ecmascript.htm
code/sf_regexp.prg/cls.sf_regexp.explicitcapture.htm
code/sf_regexp.prg/cls.sf_regexp.global.htm
code/sf_regexp.prg/cls.sf_regexp.ignorecase.htm
code/sf_regexp.prg/cls.sf_regexp.ignorepatternwhitespace.htm
code/sf_regexp.prg/cls.sf_regexp.matchtimeout.htm
code/sf_regexp.prg/cls.sf_regexp.multiline.htm
code/sf_regexp.prg/cls.sf_regexp.pattern.htm
code/sf_regexp.prg/cls.sf_regexp.returnfoxobjects.htm
code/sf_regexp.prg/cls.sf_regexp.righttoleft.htm
code/sf_regexp.prg/cls.sf_regexp.roregexp.htm
code/sf_regexp.prg/cls.sf_regexp.singleline.htm
code/sf_regexp.prg/cls.sf_regexp.cachesize_access.htm
code/sf_regexp.prg/cls.sf_regexp.cachesize_assign.htm
code/sf_regexp.prg/cls.sf_regexp.compiled_access.htm
code/sf_regexp.prg/cls.sf_regexp.compiled_assign.htm
code/sf_regexp.prg/cls.sf_regexp.cultureinvariant_access.htm
code/sf_regexp.prg/cls.sf_regexp.cultureinvariant_assign.htm
code/sf_regexp.prg/cls.sf_regexp.dotnetoffset_assign.htm
code/sf_regexp.prg/cls.sf_regexp.ecmascript_access.htm
code/sf_regexp.prg/cls.sf_regexp.ecmascript_assign.htm
code/sf_regexp.prg/cls.sf_regexp.escape.htm
code/sf_regexp.prg/cls.sf_regexp.escape_like.htm
code/sf_regexp.prg/cls.sf_regexp.execute.htm
code/sf_regexp.prg/cls.sf_regexp.explicitcapture_access.htm
code/sf_regexp.prg/cls.sf_regexp.explicitcapture_assign.htm
code/sf_regexp.prg/cls.sf_regexp.fill_capture.htm
code/sf_regexp.prg/cls.sf_regexp.fill_captures.htm
code/sf_regexp.prg/cls.sf_regexp.fill_group.htm
code/sf_regexp.prg/cls.sf_regexp.fill_groups.htm
code/sf_regexp.prg/cls.sf_regexp.fill_match.htm
code/sf_regexp.prg/cls.sf_regexp.fill_matches.htm
code/sf_regexp.prg/cls.sf_regexp.get_captures.htm
code/sf_regexp.prg/cls.sf_regexp.get_groups.htm
code/sf_regexp.prg/cls.sf_regexp.get_index.htm
code/sf_regexp.prg/cls.sf_regexp.get_length.htm
code/sf_regexp.prg/cls.sf_regexp.get_name.htm
code/sf_regexp.prg/cls.sf_regexp.get_success.htm
code/sf_regexp.prg/cls.sf_regexp.get_value.htm
code/sf_regexp.prg/cls.sf_regexp.getgroupnames.htm
code/sf_regexp.prg/cls.sf_regexp.getgroupnumbers.htm
code/sf_regexp.prg/cls.sf_regexp.groupnamefromnumber.htm
code/sf_regexp.prg/cls.sf_regexp.groupnumberfromname.htm
code/sf_regexp.prg/cls.sf_regexp.ignorecase_access.htm
code/sf_regexp.prg/cls.sf_regexp.ignorecase_assign.htm
code/sf_regexp.prg/cls.sf_regexp.ignorepatternwhitespace_access.htm
code/sf_regexp.prg/cls.sf_regexp.ignorepatternwhitespace_assign.htm
code/sf_regexp.prg/cls.sf_regexp.init.htm
code/sf_regexp.prg/cls.sf_regexp.ismatch.htm
code/sf_regexp.prg/cls.sf_regexp.match.htm
code/sf_regexp.prg/cls.sf_regexp.matches.htm
code/sf_regexp.prg/cls.sf_regexp.matchtimeout_access.htm
code/sf_regexp.prg/cls.sf_regexp.matchtimeout_assign.htm
code/sf_regexp.prg/cls.sf_regexp.multiline_access.htm
code/sf_regexp.prg/cls.sf_regexp.multiline_assign.htm
code/sf_regexp.prg/cls.sf_regexp.pattern_access.htm
code/sf_regexp.prg/cls.sf_regexp.pattern_assign.htm
code/sf_regexp.prg/cls.sf_regexp.replace.htm
code/sf_regexp.prg/cls.sf_regexp.righttoleft_access.htm
code/sf_regexp.prg/cls.sf_regexp.righttoleft_assign.htm
code/sf_regexp.prg/cls.sf_regexp.show_unwind.htm
code/sf_regexp.prg/cls.sf_regexp.singleline_access.htm
code/sf_regexp.prg/cls.sf_regexp.singleline_assign.htm
code/sf_regexp.prg/cls.sf_regexp.split.htm
code/sf_regexp.prg/cls.sf_regexp.unescape.htm
code/sf_regexp.prg/cls.sf_regexp.unescape_like.htm
code/sf_regexp.prg/cls.sf_regexp.unwind_match.htm
code/sf_regexp.prg/cls.sf_regexp.unwind_match_v.htm
code/sf_regexp.prg/cls.sf_regexp.unwind_matches.htm
code/sf_regexp.prg/cls.sf_regexp.unwind_matches_v.htm
code/sf_regexp.prg/cls.sf_regexp.version.htm
code/sf_regexp_test.prg/Main_h.htm
code/sf_regexp_test.prg/Main_dEx.htm
code/sf_regexp_test.prg/Main_f.htm
code/sf_regexp_test.prg/Main_d.get_sf_regexp.htm
code/sf_regexp_test.prg/Main_d.test_escape.htm
code/sf_regexp_test.prg/Main_d.test_execute.htm
code/sf_regexp_test.prg/Main_d.test_ismatch.htm
code/sf_regexp_test.prg/Main_d.test_match.htm
code/sf_regexp_test.prg/Main_d.test_matches.htm
code/sf_regexp_test.prg/Main_d.test_others.htm
code/sf_regexp_test.prg/Main_d.test_prop.htm
code/sf_regexp_test.prg/Main_d.test_replace.htm
code/sf_regexp_test.prg/Main_d.test_split.htm
code/sf_regexp_test.prg/Main_d.test_unwind.htm
Custom.htm
